# JRE version: Java(TM) SE Runtime Environment (7.0_55-b13) (build 1.7.0_55-b13)
# Java VM: Java HotSpot(TM) 64-Bit Server VM (24.55-b03 mixed mode windows-amd64 compressed oops)
Heap
 PSYoungGen      total 329216K, used 105563K [0x00000000eaa80000, 0x0000000100000000, 0x0000000100000000)
  eden space 309760K, 34% used [0x00000000eaa80000,0x00000000f1196ce8,0x00000000fd900000)
  from space 19456K, 0% used [0x00000000fd900000,0x00000000fd900000,0x00000000fec00000)
  to   space 18944K, 0% used [0x00000000fed80000,0x00000000fed80000,0x0000000100000000)
 ParOldGen       total 65024K, used 34968K [0x00000000c0000000, 0x00000000c3f80000, 0x00000000eaa80000)
  object space 65024K, 53% used [0x00000000c0000000,0x00000000c22262d0,0x00000000c3f80000)
 PSPermGen       total 92672K, used 56815K [0x00000000b0000000, 0x00000000b5a80000, 0x00000000c0000000)
  object space 92672K, 61% used [0x00000000b0000000,0x00000000b377bc90,0x00000000b5a80000)
GC Heap History (10 events):
Event: 3398.177 GC heap before
{Heap before GC invocations=28 (full 5):
 PSYoungGen      total 328192K, used 448K [0x00000000eaa80000, 0x0000000100000000, 0x0000000100000000)
  eden space 307712K, 0% used [0x00000000eaa80000,0x00000000eaa80000,0x00000000fd700000)
  from space 20480K, 2% used [0x00000000fd700000,0x00000000fd770000,0x00000000feb00000)
  to   space 20480K, 0% used [0x00000000fec00000,0x00000000fec00000,0x0000000100000000)
 ParOldGen       total 65024K, used 33509K [0x00000000c0000000, 0x00000000c3f80000, 0x00000000eaa80000)
  object space 65024K, 51% used [0x00000000c0000000,0x00000000c20b97e0,0x00000000c3f80000)
 PSPermGen       total 99840K, used 54827K [0x00000000b0000000, 0x00000000b6180000, 0x00000000c0000000)
  object space 99840K, 54% used [0x00000000b0000000,0x00000000b358af98,0x00000000b6180000)
Event: 3398.490 GC heap after
Heap after GC invocations=28 (full 5):
 PSYoungGen      total 328192K, used 0K [0x00000000eaa80000, 0x0000000100000000, 0x0000000100000000)
  eden space 307712K, 0% used [0x00000000eaa80000,0x00000000eaa80000,0x00000000fd700000)
  from space 20480K, 0% used [0x00000000fd700000,0x00000000fd700000,0x00000000feb00000)
  to   space 20480K, 0% used [0x00000000fec00000,0x00000000fec00000,0x0000000100000000)
 ParOldGen       total 65024K, used 30644K [0x00000000c0000000, 0x00000000c3f80000, 0x00000000eaa80000)
  object space 65024K, 47% used [0x00000000c0000000,0x00000000c1ded2d8,0x00000000c3f80000)
 PSPermGen       total 97792K, used 54826K [0x00000000b0000000, 0x00000000b5f80000, 0x00000000c0000000)
  object space 97792K, 56% used [0x00000000b0000000,0x00000000b358aa58,0x00000000b5f80000)
}
Event: 3828.917 GC heap before
{Heap before GC invocations=29 (full 5):
 PSYoungGen      total 328192K, used 193419K [0x00000000eaa80000, 0x0000000100000000, 0x0000000100000000)
  eden space 307712K, 62% used [0x00000000eaa80000,0x00000000f6762c50,0x00000000fd700000)
  from space 20480K, 0% used [0x00000000fd700000,0x00000000fd700000,0x00000000feb00000)
  to   space 20480K, 0% used [0x00000000fec00000,0x00000000fec00000,0x0000000100000000)
 ParOldGen       total 65024K, used 30644K [0x00000000c0000000, 0x00000000c3f80000, 0x00000000eaa80000)
  object space 65024K, 47% used [0x00000000c0000000,0x00000000c1ded2d8,0x00000000c3f80000)
 PSPermGen       total 97792K, used 56290K [0x00000000b0000000, 0x00000000b5f80000, 0x00000000c0000000)
  object space 97792K, 57% used [0x00000000b0000000,0x00000000b36f8b78,0x00000000b5f80000)
Event: 3828.925 GC heap after
Heap after GC invocations=29 (full 5):
 PSYoungGen      total 330240K, used 4759K [0x00000000eaa80000, 0x0000000100000000, 0x0000000100000000)
  eden space 309760K, 0% used [0x00000000eaa80000,0x00000000eaa80000,0x00000000fd900000)
  from space 20480K, 23% used [0x00000000fec00000,0x00000000ff0a5df0,0x0000000100000000)
  to   space 19456K, 0% used [0x00000000fd900000,0x00000000fd900000,0x00000000fec00000)
 ParOldGen       total 65024K, used 30644K [0x00000000c0000000, 0x00000000c3f80000, 0x00000000eaa80000)
  object space 65024K, 47% used [0x00000000c0000000,0x00000000c1ded2d8,0x00000000c3f80000)
 PSPermGen       total 97792K, used 56290K [0x00000000b0000000, 0x00000000b5f80000, 0x00000000c0000000)
  object space 97792K, 57% used [0x00000000b0000000,0x00000000b36f8b78,0x00000000b5f80000)
}
Event: 3828.925 GC heap before
{Heap before GC invocations=30 (full 6):
 PSYoungGen      total 330240K, used 4759K [0x00000000eaa80000, 0x0000000100000000, 0x0000000100000000)
  eden space 309760K, 0% used [0x00000000eaa80000,0x00000000eaa80000,0x00000000fd900000)
  from space 20480K, 23% used [0x00000000fec00000,0x00000000ff0a5df0,0x0000000100000000)
  to   space 19456K, 0% used [0x00000000fd900000,0x00000000fd900000,0x00000000fec00000)
 ParOldGen       total 65024K, used 30644K [0x00000000c0000000, 0x00000000c3f80000, 0x00000000eaa80000)
  object space 65024K, 47% used [0x00000000c0000000,0x00000000c1ded2d8,0x00000000c3f80000)
 PSPermGen       total 97792K, used 56290K [0x00000000b0000000, 0x00000000b5f80000, 0x00000000c0000000)
  object space 97792K, 57% used [0x00000000b0000000,0x00000000b36f8b78,0x00000000b5f80000)
Event: 3829.265 GC heap after
Heap after GC invocations=30 (full 6):
 PSYoungGen      total 330240K, used 0K [0x00000000eaa80000, 0x0000000100000000, 0x0000000100000000)
  eden space 309760K, 0% used [0x00000000eaa80000,0x00000000eaa80000,0x00000000fd900000)
  from space 20480K, 0% used [0x00000000fec00000,0x00000000fec00000,0x0000000100000000)
  to   space 19456K, 0% used [0x00000000fd900000,0x00000000fd900000,0x00000000fec00000)
 ParOldGen       total 65024K, used 34602K [0x00000000c0000000, 0x00000000c3f80000, 0x00000000eaa80000)
  object space 65024K, 53% used [0x00000000c0000000,0x00000000c21cab88,0x00000000c3f80000)
 PSPermGen       total 95744K, used 56289K [0x00000000b0000000, 0x00000000b5d80000, 0x00000000c0000000)
  object space 95744K, 58% used [0x00000000b0000000,0x00000000b36f8510,0x00000000b5d80000)
}
Event: 4006.717 GC heap before
{Heap before GC invocations=31 (full 6):
 PSYoungGen      total 330240K, used 290408K [0x00000000eaa80000, 0x0000000100000000, 0x0000000100000000)
  eden space 309760K, 93% used [0x00000000eaa80000,0x00000000fc61a298,0x00000000fd900000)
  from space 20480K, 0% used [0x00000000fec00000,0x00000000fec00000,0x0000000100000000)
  to   space 19456K, 0% used [0x00000000fd900000,0x00000000fd900000,0x00000000fec00000)
 ParOldGen       total 65024K, used 34602K [0x00000000c0000000, 0x00000000c3f80000, 0x00000000eaa80000)
  object space 65024K, 53% used [0x00000000c0000000,0x00000000c21cab88,0x00000000c3f80000)
 PSPermGen       total 95744K, used 56627K [0x00000000b0000000, 0x00000000b5d80000, 0x00000000c0000000)
  object space 95744K, 59% used [0x00000000b0000000,0x00000000b374cd28,0x00000000b5d80000)
Event: 4006.722 GC heap after
Heap after GC invocations=31 (full 6):
 PSYoungGen      total 329216K, used 3024K [0x00000000eaa80000, 0x0000000100000000, 0x0000000100000000)
  eden space 309760K, 0% used [0x00000000eaa80000,0x00000000eaa80000,0x00000000fd900000)
  from space 19456K, 15% used [0x00000000fd900000,0x00000000fdbf4010,0x00000000fec00000)
  to   space 18944K, 0% used [0x00000000fed80000,0x00000000fed80000,0x0000000100000000)
 ParOldGen       total 65024K, used 34602K [0x00000000c0000000, 0x00000000c3f80000, 0x00000000eaa80000)
  object space 65024K, 53% used [0x00000000c0000000,0x00000000c21cab88,0x00000000c3f80000)
 PSPermGen       total 95744K, used 56627K [0x00000000b0000000, 0x00000000b5d80000, 0x00000000c0000000)
  object space 95744K, 59% used [0x00000000b0000000,0x00000000b374cd28,0x00000000b5d80000)
}
Event: 4006.722 GC heap before
{Heap before GC invocations=32 (full 7):
 PSYoungGen      total 329216K, used 3024K [0x00000000eaa80000, 0x0000000100000000, 0x0000000100000000)
  eden space 309760K, 0% used [0x00000000eaa80000,0x00000000eaa80000,0x00000000fd900000)
  from space 19456K, 15% used [0x00000000fd900000,0x00000000fdbf4010,0x00000000fec00000)
  to   space 18944K, 0% used [0x00000000fed80000,0x00000000fed80000,0x0000000100000000)
 ParOldGen       total 65024K, used 34602K [0x00000000c0000000, 0x00000000c3f80000, 0x00000000eaa80000)
  object space 65024K, 53% used [0x00000000c0000000,0x00000000c21cab88,0x00000000c3f80000)
 PSPermGen       total 95744K, used 56627K [0x00000000b0000000, 0x00000000b5d80000, 0x00000000c0000000)
  object space 95744K, 59% used [0x00000000b0000000,0x00000000b374cd28,0x00000000b5d80000)
Event: 4007.044 GC heap after
Heap after GC invocations=32 (full 7):
 PSYoungGen      total 329216K, used 0K [0x00000000eaa80000, 0x0000000100000000, 0x0000000100000000)
  eden space 309760K, 0% used [0x00000000eaa80000,0x00000000eaa80000,0x00000000fd900000)
  from space 19456K, 0% used [0x00000000fd900000,0x00000000fd900000,0x00000000fec00000)
  to   space 18944K, 0% used [0x00000000fed80000,0x00000000fed80000,0x0000000100000000)
 ParOldGen       total 65024K, used 34968K [0x00000000c0000000, 0x00000000c3f80000, 0x00000000eaa80000)
  object space 65024K, 53% used [0x00000000c0000000,0x00000000c22262d0,0x00000000c3f80000)
 PSPermGen       total 92672K, used 56626K [0x00000000b0000000, 0x00000000b5a80000, 0x00000000c0000000)
  object space 92672K, 61% used [0x00000000b0000000,0x00000000b374c988,0x00000000b5a80000)
}

